<?xml version="1.0" encoding="UTF-8"?>
<!-- Generated by org.testng.reporters.JUnitXMLReporter -->
<testsuite ignored="0" hostname="Navnath" failures="0" tests="7" name="Surefire test" time="20.298" errors="0" timestamp="2023-11-25T17:56:57 IST">
  <testcase classname="api.test.DDTests" name="testPostUser" time="6.929"/>
  <testcase classname="api.test.DDTests" name="testPostUser" time="1.3"/>
  <testcase classname="api.test.DDTests" name="testPostUser" time="1.569"/>
  <testcase classname="api.test.UserTests" name="testPostUser" time="1.428"/>
  <testcase classname="api.test.UserTests" name="testGetUser" time="1.334"/>
  <testcase classname="api.test.UserTests" name="testUpdateUser" time="2.622"/>
  <testcase classname="api.test.UserTests" name="testDeleteUser" time="1.256"/>
</testsuite> <!-- Surefire test -->
