<?xml version="1.0" encoding="UTF-8"?>
<!-- Generated by org.testng.reporters.JUnitXMLReporter -->
<testsuite ignored="0" hostname="Navnath" failures="0" tests="7" name="Surefire test" time="30.661" errors="0" timestamp="2023-11-26T16:26:28 IST">
  <testcase classname="api.test.DDTests" name="testPostUser" time="7.229"/>
  <testcase classname="api.test.DDTests" name="testPostUser" time="2.501"/>
  <testcase classname="api.test.DDTests" name="testPostUser" time="3.317"/>
  <testcase classname="api.test.UserTests" name="testPostUser" time="3.087"/>
  <testcase classname="api.test.UserTests" name="testGetUser" time="2.126"/>
  <testcase classname="api.test.UserTests" name="testUpdateUser" time="5.744"/>
  <testcase classname="api.test.UserTests" name="testDeleteUser" time="1.695"/>
</testsuite> <!-- Surefire test -->
