<?xml version="1.0" encoding="UTF-8"?>
<!-- Generated by org.testng.reporters.JUnitXMLReporter -->
<testsuite ignored="0" hostname="Navnath" failures="0" tests="4" name="Default test" time="21.584" errors="0" timestamp="2023-11-25T14:50:55 IST">
  <testcase classname="api.test.UserTests" name="testPostUser" time="12.493"/>
  <testcase classname="api.test.UserTests" name="testGetUser" time="1.57"/>
  <testcase classname="api.test.UserTests" name="testUpdateUser" time="3.049"/>
  <testcase classname="api.test.UserTests" name="testDeleteUser" time="1.551"/>
</testsuite> <!-- Default test -->
