<?xml version="1.0" encoding="UTF-8"?>
<!-- Generated by org.testng.reporters.JUnitXMLReporter -->
<testsuite ignored="0" hostname="Navnath" failures="0" tests="14" name="Test" time="40.017" errors="0" timestamp="2023-11-26T16:34:16 IST">
  <testcase classname="api.test.UserTests" name="testPostUser" time="6.92"/>
  <testcase classname="api.test.UserTests" name="testGetUser" time="1.466"/>
  <testcase classname="api.test.UserTests" name="testUpdateUser" time="2.912"/>
  <testcase classname="api.test.UserTests" name="testDeleteUser" time="1.535"/>
  <testcase classname="api.test.DDTests" name="testPostUser" time="1.736"/>
  <testcase classname="api.test.DDTests" name="testPostUser" time="1.669"/>
  <testcase classname="api.test.DDTests" name="testPostUser" time="1.744"/>
  <testcase classname="api.test.DDTests2" name="testPostUser" time="1.828"/>
  <testcase classname="api.test.DDTests2" name="testPostUser" time="1.822"/>
  <testcase classname="api.test.DDTests2" name="testPostUser" time="1.881"/>
  <testcase classname="api.test.UserTests2" name="testPostUser" time="2.931"/>
  <testcase classname="api.test.UserTests2" name="testGetUser" time="1.949"/>
  <testcase classname="api.test.UserTests2" name="testUpdateUser" time="4.258"/>
  <testcase classname="api.test.UserTests2" name="testDeleteUser" time="1.422"/>
</testsuite> <!-- Test -->
