<?xml version="1.0" encoding="UTF-8"?>
<!-- Generated by org.testng.reporters.JUnitXMLReporter -->
<testsuite ignored="0" hostname="Navnath" failures="0" tests="10" name="Test" time="26.197" errors="0" timestamp="2023-11-25T17:43:33 IST">
  <testcase classname="api.test.UserTests" name="testPostUser" time="6.416"/>
  <testcase classname="api.test.UserTests" name="testGetUser" time="1.519"/>
  <testcase classname="api.test.UserTests" name="testUpdateUser" time="3.054"/>
  <testcase classname="api.test.UserTests" name="testDeleteUser" time="1.436"/>
  <testcase classname="api.test.DDTests" name="testPostUser" time="1.407"/>
  <testcase classname="api.test.DDTests" name="testPostUser" time="1.53"/>
  <testcase classname="api.test.DDTests" name="testPostUser" time="1.355"/>
  <testcase classname="api.test.DDTests2" name="testPostUser" time="1.521"/>
  <testcase classname="api.test.DDTests2" name="testPostUser" time="1.603"/>
  <testcase classname="api.test.DDTests2" name="testPostUser" time="1.602"/>
</testsuite> <!-- Test -->
